<?xml version="1.0" encoding="UTF-8"?>
<testng-results ignored="0" total="1" passed="1" failed="0" skipped="0">
  <reporter-output>
  </reporter-output>
  <suite started-at="2023-01-05T16:13:41Z" name="Default suite" finished-at="2023-01-05T16:14:58Z" duration-ms="76852">
    <groups>
    </groups>
    <test started-at="2023-01-05T16:13:41Z" name="Default test" finished-at="2023-01-05T16:14:58Z" duration-ms="76852">
      <class name="sanil.laptopPurchase.test.LaptopsAndNotebooksPageTest">
        <test-method is-config="true" signature="setUp()[pri:0, instance:sanil.laptopPurchase.test.LaptopsAndNotebooksPageTest@338c99c8]" started-at="2023-01-05T16:13:41Z" name="setUp" finished-at="2023-01-05T16:13:50Z" duration-ms="9313" status="PASS">
          <reporter-output>
          </reporter-output>
        </test-method> <!-- setUp -->
        <test-method signature="verifyAlertBannerForInvalidLoginCredentials()[pri:0, instance:sanil.laptopPurchase.test.LaptopsAndNotebooksPageTest@338c99c8]" started-at="2023-01-05T16:13:50Z" name="verifyAlertBannerForInvalidLoginCredentials" finished-at="2023-01-05T16:14:57Z" duration-ms="66509" status="PASS">
          <reporter-output>
          </reporter-output>
        </test-method> <!-- verifyAlertBannerForInvalidLoginCredentials -->
        <test-method is-config="true" signature="teardown()[pri:0, instance:sanil.laptopPurchase.test.LaptopsAndNotebooksPageTest@338c99c8]" started-at="2023-01-05T16:14:57Z" name="teardown" finished-at="2023-01-05T16:14:58Z" duration-ms="1009" status="PASS">
          <reporter-output>
          </reporter-output>
        </test-method> <!-- teardown -->
      </class> <!-- sanil.laptopPurchase.test.LaptopsAndNotebooksPageTest -->
    </test> <!-- Default test -->
  </suite> <!-- Default suite -->
</testng-results>
